<?xml version="1.0" encoding="UTF-8"?>
<testsuite xmlns:xsi="http://www.w3.org/2001/XMLSchema-instance" xsi:noNamespaceSchemaLocation="https://maven.apache.org/surefire/maven-surefire-plugin/xsd/surefire-test-report.xsd" name="hn.uth.app_simple_maven_consola.AppTest" time="0.21" tests="18" errors="0" skipped="0" failures="0">
  <properties>
[...]
</properties>
  <testcase name="testDivi1" classname="hn.uth.app_simple_maven_consola.AppTest" time="0.007"/>
  <testcase name="testDivi2" classname="hn.uth.app_simple_maven_consola.AppTest" time="0"/>
  <testcase name="testDivi3" classname="hn.uth.app_simple_maven_consola.AppTest" time="0"/>
  <testcase name="testDivi4" classname="hn.uth.app_simple_maven_consola.AppTest" time="0"/>
  <testcase name="testDivi5" classname="hn.uth.app_simple_maven_consola.AppTest" time="0.001"/>
  <testcase name="testSuma1" classname="hn.uth.app_simple_maven_consola.AppTest" time="0.001"/>
  <testcase name="testSuma2" classname="hn.uth.app_simple_maven_consola.AppTest" time="0.001"/>
  <testcase name="testSuma3" classname="hn.uth.app_simple_maven_consola.AppTest" time="0"/>
  <testcase name="testSuma4" classname="hn.uth.app_simple_maven_consola.AppTest" time="0"/>
  <testcase name="testRestaNegativos" classname="hn.uth.app_simple_maven_consola.AppTest" time="0"/>
  <testcase name="testMulti1" classname="hn.uth.app_simple_maven_consola.AppTest" time="0"/>
  <testcase name="testMulti2" classname="hn.uth.app_simple_maven_consola.AppTest" time="0.001"/>
  <testcase name="testMulti3" classname="hn.uth.app_simple_maven_consola.AppTest" time="0"/>
  <testcase name="testMulti4" classname="hn.uth.app_simple_maven_consola.AppTest" time="0.001"/>
  <testcase name="testMulti5" classname="hn.uth.app_simple_maven_consola.AppTest" time="0"/>
  <testcase name="testResta1" classname="hn.uth.app_simple_maven_consola.AppTest" time="0.004"/>
  <testcase name="testResta2" classname="hn.uth.app_simple_maven_consola.AppTest" time="0"/>
  <testcase name="testRestaDecimales" classname="hn.uth.app_simple_maven_consola.AppTest" time="0"/>
</testsuite>